#
# There is insufficient memory for the Java Runtime Environment to continue.
# Native memory allocation (malloc) failed to allocate 1048576 bytes for AllocateHeap
# Possible reasons:
#   The system is out of physical RAM or swap space
#   The process is running with CompressedOops enabled, and the Java Heap may be blocking the growth of the native heap
# Possible solutions:
#   Reduce memory load on the system
#   Increase physical memory or swap space
#   Check if swap backing store is full
#   Decrease Java heap size (-Xmx/-Xms)
#   Decrease number of Java threads
#   Decrease Java thread stack sizes (-Xss)
#   Set larger code cache with -XX:ReservedCodeCacheSize=
#   JVM is running with Unscaled Compressed Oops mode in which the Java heap is
#     placed in the first 4GB address space. The Java Heap base address is the
#     maximum limit for the native heap growth. Please use -XX:HeapBaseMinAddress
#     to set the Java Heap base and to place the Java Heap above 4GB virtual address.
# This output file may be truncated or incomplete.
#
#  Out of Memory Error (memory/allocation.inline.hpp:61), pid=10600, tid=0x00000000000078a0
#
# JRE version:  (8.0_302-b08) (build )
# Java VM: OpenJDK 64-Bit Server VM (25.302-b08 mixed mode windows-amd64 compressed oops)
# Failed to write core dump. Minidumps are not enabled by default on client versions of Windows
#

---------------  T H R E A D  ---------------

Current thread (0x000002186156b800):  JavaThread "Unknown thread" [_thread_in_vm, id=30880, stack(0x000000f5d8400000,0x000000f5d8500000)]

Stack: [0x000000f5d8400000,0x000000f5d8500000]
[error occurred during error reporting (printing stack bounds), id 0xc0000005]

Native frames: (J=compiled Java code, j=interpreted, Vv=VM code, C=native code)


---------------  P R O C E S S  ---------------

Java Threads: ( => current thread )

Other Threads:

=>0x000002186156b800 (exited) JavaThread "Unknown thread" [_thread_in_vm, id=30880, stack(0x000000f5d8400000,0x000000f5d8500000)]

VM state:not at safepoint (normal execution)

VM Mutex/Monitor currently owned by a thread: None

heap address: 0x0000000081200000, size: 2030 MB, Compressed Oops mode: 32-bit
Narrow klass base: 0x0000000000000000, Narrow klass shift: 3
Compressed class space size: 1073741824 Address: 0x0000000100000000

Heap:
 PSYoungGen      total 38400K, used 665K [0x00000000d5b80000, 0x00000000d8600000, 0x0000000100000000)
  eden space 33280K, 2% used [0x00000000d5b80000,0x00000000d5c26670,0x00000000d7c00000)
  from space 5120K, 0% used [0x00000000d8100000,0x00000000d8100000,0x00000000d8600000)
  to   space 5120K, 0% used [0x00000000d7c00000,0x00000000d7c00000,0x00000000d8100000)
 ParOldGen       total 87552K, used 0K [0x0000000081200000, 0x0000000086780000, 0x00000000d5b80000)
  object space 87552K, 0% used [0x0000000081200000,0x0000000081200000,0x0000000086780000)
 Metaspace       used 781K, capacity 4480K, committed 4480K, reserved 1056768K
  class space    used 76K, capacity 384K, committed 384K, reserved 1048576K

Card table byte_map: [0x0000021872670000,0x0000021872a70000] byte_map_base: 0x0000021872267000

Marking Bits: (ParMarkBitMap*) 0x00000000584bc820
 Begin Bits: [0x0000021872d20000, 0x0000021874cd8000)
 End Bits:   [0x0000021874cd8000, 0x0000021876c90000)

Polling page: 0x00000218616f0000

CodeCache: size=245760Kb used=328Kb max_used=328Kb free=245431Kb
 bounds [0x00000218632b0000, 0x0000021863520000, 0x00000218722b0000]
 total_blobs=57 nmethods=0 adapters=38
 compilation: enabled

Compilation events (0 events):
No events

GC Heap History (0 events):
No events

Deoptimization events (0 events):
No events

Classes redefined (0 events):
No events

Internal exceptions (0 events):
No events

Events (10 events):
Event: 0.019 loading class java/lang/Short
Event: 0.019 loading class java/lang/Short done
Event: 0.019 loading class java/lang/Integer
Event: 0.019 loading class java/lang/Integer done
Event: 0.019 loading class java/lang/Long
Event: 0.019 loading class java/lang/Long done
Event: 0.020 loading class java/lang/NullPointerException
Event: 0.020 loading class java/lang/NullPointerException done
Event: 0.020 loading class java/lang/ArithmeticException
Event: 0.020 loading class java/lang/ArithmeticException done


Dynamic libraries:
0x00007ff74f490000 - 0x00007ff74f4ca000 	C:\Program Files\Eclipse Foundation\jdk-8.0.302.8-hotspot\bin\java.exe
0x00007ffc29ac0000 - 0x00007ffc29cc9000 	C:\WINDOWS\SYSTEM32\ntdll.dll
0x00007ffc28c60000 - 0x00007ffc28d1d000 	C:\WINDOWS\System32\KERNEL32.DLL
0x00007ffc275e0000 - 0x00007ffc27954000 	C:\WINDOWS\System32\KERNELBASE.dll
0x00007ffc28a50000 - 0x00007ffc28afe000 	C:\WINDOWS\System32\ADVAPI32.dll
0x00007ffc28e50000 - 0x00007ffc28ef3000 	C:\WINDOWS\System32\msvcrt.dll
0x00007ffc29530000 - 0x00007ffc295ce000 	C:\WINDOWS\System32\sechost.dll
0x00007ffc295e0000 - 0x00007ffc29700000 	C:\WINDOWS\System32\RPCRT4.dll
0x00007ffc29380000 - 0x00007ffc2952c000 	C:\WINDOWS\System32\USER32.dll
0x00007ffc27510000 - 0x00007ffc27536000 	C:\WINDOWS\System32\win32u.dll
0x00007ffc27fd0000 - 0x00007ffc27ff9000 	C:\WINDOWS\System32\GDI32.dll
0x00007ffc27030000 - 0x00007ffc27142000 	C:\WINDOWS\System32\gdi32full.dll
0x00007ffc27540000 - 0x00007ffc275dd000 	C:\WINDOWS\System32\msvcp_win.dll
0x00007ffc27150000 - 0x00007ffc27261000 	C:\WINDOWS\System32\ucrtbase.dll
0x00007ffc13980000 - 0x00007ffc13c25000 	C:\WINDOWS\WinSxS\amd64_microsoft.windows.common-controls_6595b64144ccf1df_6.0.22000.120_none_9d947278b86cc467\COMCTL32.dll
0x00007ffc29320000 - 0x00007ffc29351000 	C:\WINDOWS\System32\IMM32.DLL
0x00007ffbf7200000 - 0x00007ffbf72ef000 	C:\Program Files\Eclipse Foundation\jdk-8.0.302.8-hotspot\jre\bin\msvcr120.dll
0x00007ffbfd140000 - 0x00007ffbfd1e6000 	C:\Program Files\Eclipse Foundation\jdk-8.0.302.8-hotspot\jre\bin\msvcp120.dll
0x0000000057cd0000 - 0x000000005853b000 	C:\Program Files\Eclipse Foundation\jdk-8.0.302.8-hotspot\jre\bin\server\jvm.dll
0x00007ffc295d0000 - 0x00007ffc295d8000 	C:\WINDOWS\System32\PSAPI.DLL
0x00007ffc1f670000 - 0x00007ffc1f6a3000 	C:\WINDOWS\SYSTEM32\WINMM.dll
0x00007ffc20c10000 - 0x00007ffc20c1a000 	C:\WINDOWS\SYSTEM32\VERSION.dll
0x00007ffc1b280000 - 0x00007ffc1b289000 	C:\WINDOWS\SYSTEM32\WSOCK32.dll
0x00007ffc28b00000 - 0x00007ffc28b6f000 	C:\WINDOWS\System32\WS2_32.dll
0x00007ffc1b270000 - 0x00007ffc1b27f000 	C:\Program Files\Eclipse Foundation\jdk-8.0.302.8-hotspot\jre\bin\verify.dll
0x00007ffc13de0000 - 0x00007ffc13e09000 	C:\Program Files\Eclipse Foundation\jdk-8.0.302.8-hotspot\jre\bin\java.dll
0x00007ffc13dc0000 - 0x00007ffc13dd6000 	C:\Program Files\Eclipse Foundation\jdk-8.0.302.8-hotspot\jre\bin\zip.dll

VM Arguments:
java_command: com.xamarin.manifestmerger.Main obj\Debug\110\android\manifestmerger.rsp
java_class_path (initial): C:\Program Files (x86)\Microsoft Visual Studio\2019\Community\MSBuild\Xamarin\Android\manifestmerger.jar
Launcher Type: SUN_STANDARD

Environment Variables:
PATH=C:\Program Files\Eclipse Foundation\jdk-8.0.302.8-hotspot\bin;C:\Program Files (x86)\Intel\Intel(R) Management Engine Components\iCLS\;C:\Program Files\Intel\Intel(R) Management Engine Components\iCLS\;C:\Windows\system32;C:\Windows;C:\Windows\System32\Wbem;C:\Windows\System32\WindowsPowerShell\v1.0\;C:\Program Files (x86)\Intel\Intel(R) Management Engine Components\DAL;C:\Program Files\Intel\Intel(R) Management Engine Components\DAL;C:\Program Files (x86)\Intel\Intel(R) Management Engine Components\IPT;C:\Program Files\Intel\Intel(R) Management Engine Components\IPT;C:\Program Files (x86)\NVIDIA Corporation\PhysX\Common;C:\WINDOWS\system32;C:\WINDOWS;C:\WINDOWS\System32\Wbem;C:\WINDOWS\System32\WindowsPowerShell\v1.0\;C:\WINDOWS\System32\OpenSSH\;C:\Program Files\Intel\WiFi\bin\;C:\Program Files\Common Files\Intel\WirelessCommon\;C:\Program Files\Microsoft SQL Server\130\Tools\Binn\;C:\Program Files\Microsoft SQL Server\Client SDK\ODBC\170\Tools\Binn\;C:\Program Files\Microsoft SQL Server\Client SDK\ODBC\130\Tools\Binn\;C:\Program Files (x86)\Microsoft SQL Server\140\Tools\Binn\;C:\Program Files\Microsoft SQL Server\140\Tools\Binn\;C:\Program Files\Microsoft SQL Server\140\DTS\Binn\;C:\Program Files (x86)\Microsoft SQL Server\150\DTS\Binn\;C:\Program Files\Azure Data Studio\bin;C:\Users\fanta\AppData\Local\Programs\Python\Python38;C:\Users\fanta\AppData\Local\Programs\Python\Python38\Scripts;C:\Program Files\dotnet\;%SystemRoot%\system32;%SystemRoot%;%SystemRoot%\System32\Wbem;%SYSTEMROOT%\System32\WindowsPowerShell\v1.0\;%SYSTEMROOT%\System32\OpenSSH\;C:\Users\fanta\AppData\Local\Microsoft\WindowsApps;C:\Program Files\Azure Data Studio\bin;C:\Users\fanta\AppData\Local\Programs\Microsoft VS Code\bin;C:\Users\fanta\.dotnet\tools;
USERNAME=fanta
OS=Windows_NT
PROCESSOR_IDENTIFIER=Intel64 Family 6 Model 158 Stepping 10, GenuineIntel



---------------  S Y S T E M  ---------------

OS: Windows 10.0 , 64 bit Build 22000 (10.0.22000.613)

CPU:total 12 (initial active 12) (6 cores per cpu, 2 threads per core) family 6 model 158 stepping 10, cmov, cx8, fxsr, mmx, sse, sse2, sse3, ssse3, sse4.1, sse4.2, popcnt, avx, avx2, aes, clmul, erms, rtm, 3dnowpref, lzcnt, ht, tsc, tscinvbit, bmi1, bmi2, adx

Memory: 4k page, physical 8310280k(238908k free), swap 23801732k(7256k free)

vm_info: OpenJDK 64-Bit Server VM (25.302-b08) for windows-amd64 JRE (1.8.0_302-b08), built on Jul 20 2021 21:31:03 by "jenkins" with MS VC++ 12.0 (VS2013)

time: Thu Apr 28 19:04:27 2022
timezone: Eastern Summer Time
elapsed time: 0.026488 seconds (0d 0h 0m 0s)

